Analysis & Synthesis report for ds1302
Sun Oct 15 17:07:31 2023
Quartus Prime Version 18.0.0 Build 614 04/24/2018 SJ Standard Edition


---------------------
; Table of Contents ;
---------------------
  1. Legal Notice
  2. Analysis & Synthesis Summary
  3. Analysis & Synthesis Settings
  4. Parallel Compilation
  5. Analysis & Synthesis Source Files Read
  6. Analysis & Synthesis Resource Usage Summary
  7. Analysis & Synthesis Resource Utilization by Entity
  8. State Machine - |ds1302_top|key_filter:key_filter_inst|state_c
  9. State Machine - |ds1302_top|ds1302_ctrl:ds1302_ctrl_inst|state_c
 10. General Register Statistics
 11. Inverted Register Statistics
 12. Multiplexer Restructuring Statistics (Restructuring Performed)
 13. Parameter Settings for User Entity Instance: ds1302_ctrl:ds1302_ctrl_inst
 14. Parameter Settings for User Entity Instance: ds1302_intf:ds1302_intf_inst
 15. Parameter Settings for User Entity Instance: key_filter:key_filter_inst
 16. Parameter Settings for User Entity Instance: uart_ctrl:uart_ctrl_inst
 17. Port Connectivity Checks: "uart_ctrl:uart_ctrl_inst|uart_tx:uart_tx_inst"
 18. Post-Synthesis Netlist Statistics for Top Partition
 19. Elapsed Time Per Partition
 20. Analysis & Synthesis Messages



----------------
; Legal Notice ;
----------------
Copyright (C) 2018  Intel Corporation. All rights reserved.
Your use of Intel Corporation's design tools, logic functions 
and other software and tools, and its AMPP partner logic 
functions, and any output files from any of the foregoing 
(including device programming or simulation files), and any 
associated documentation or information are expressly subject 
to the terms and conditions of the Intel Program License 
Subscription Agreement, the Intel Quartus Prime License Agreement,
the Intel FPGA IP License Agreement, or other applicable license
agreement, including, without limitation, that your use is for
the sole purpose of programming logic devices manufactured by
Intel and sold by Intel or its authorized distributors.  Please
refer to the applicable agreement for further details.



+--------------------------------------------------------------------------------------+
; Analysis & Synthesis Summary                                                         ;
+------------------------------------+-------------------------------------------------+
; Analysis & Synthesis Status        ; Successful - Sun Oct 15 17:07:31 2023           ;
; Quartus Prime Version              ; 18.0.0 Build 614 04/24/2018 SJ Standard Edition ;
; Revision Name                      ; ds1302                                          ;
; Top-level Entity Name              ; ds1302_top                                      ;
; Family                             ; Cyclone IV E                                    ;
; Total logic elements               ; 469                                             ;
;     Total combinational functions  ; 361                                             ;
;     Dedicated logic registers      ; 246                                             ;
; Total registers                    ; 246                                             ;
; Total pins                         ; 7                                               ;
; Total virtual pins                 ; 0                                               ;
; Total memory bits                  ; 0                                               ;
; Embedded Multiplier 9-bit elements ; 0                                               ;
; Total PLLs                         ; 0                                               ;
+------------------------------------+-------------------------------------------------+


+------------------------------------------------------------------------------------------------------------+
; Analysis & Synthesis Settings                                                                              ;
+------------------------------------------------------------------+--------------------+--------------------+
; Option                                                           ; Setting            ; Default Value      ;
+------------------------------------------------------------------+--------------------+--------------------+
; Device                                                           ; EP4CE6F17C8        ;                    ;
; Top-level entity name                                            ; ds1302_top         ; ds1302             ;
; Family name                                                      ; Cyclone IV E       ; Cyclone V          ;
; Use smart compilation                                            ; Off                ; Off                ;
; Enable parallel Assembler and Timing Analyzer during compilation ; On                 ; On                 ;
; Enable compact report table                                      ; Off                ; Off                ;
; Restructure Multiplexers                                         ; Auto               ; Auto               ;
; Create Debugging Nodes for IP Cores                              ; Off                ; Off                ;
; Preserve fewer node names                                        ; On                 ; On                 ;
; Intel FPGA IP Evaluation Mode                                    ; Enable             ; Enable             ;
; Verilog Version                                                  ; Verilog_2001       ; Verilog_2001       ;
; VHDL Version                                                     ; VHDL_1993          ; VHDL_1993          ;
; State Machine Processing                                         ; Auto               ; Auto               ;
; Safe State Machine                                               ; Off                ; Off                ;
; Extract Verilog State Machines                                   ; On                 ; On                 ;
; Extract VHDL State Machines                                      ; On                 ; On                 ;
; Ignore Verilog initial constructs                                ; Off                ; Off                ;
; Iteration limit for constant Verilog loops                       ; 5000               ; 5000               ;
; Iteration limit for non-constant Verilog loops                   ; 250                ; 250                ;
; Add Pass-Through Logic to Inferred RAMs                          ; On                 ; On                 ;
; Infer RAMs from Raw Logic                                        ; On                 ; On                 ;
; Parallel Synthesis                                               ; On                 ; On                 ;
; DSP Block Balancing                                              ; Auto               ; Auto               ;
; NOT Gate Push-Back                                               ; On                 ; On                 ;
; Power-Up Don't Care                                              ; On                 ; On                 ;
; Remove Redundant Logic Cells                                     ; Off                ; Off                ;
; Remove Duplicate Registers                                       ; On                 ; On                 ;
; Ignore CARRY Buffers                                             ; Off                ; Off                ;
; Ignore CASCADE Buffers                                           ; Off                ; Off                ;
; Ignore GLOBAL Buffers                                            ; Off                ; Off                ;
; Ignore ROW GLOBAL Buffers                                        ; Off                ; Off                ;
; Ignore LCELL Buffers                                             ; Off                ; Off                ;
; Ignore SOFT Buffers                                              ; On                 ; On                 ;
; Limit AHDL Integers to 32 Bits                                   ; Off                ; Off                ;
; Optimization Technique                                           ; Balanced           ; Balanced           ;
; Carry Chain Length                                               ; 70                 ; 70                 ;
; Auto Carry Chains                                                ; On                 ; On                 ;
; Auto Open-Drain Pins                                             ; On                 ; On                 ;
; Perform WYSIWYG Primitive Resynthesis                            ; Off                ; Off                ;
; Auto ROM Replacement                                             ; On                 ; On                 ;
; Auto RAM Replacement                                             ; On                 ; On                 ;
; Auto DSP Block Replacement                                       ; On                 ; On                 ;
; Auto Shift Register Replacement                                  ; Auto               ; Auto               ;
; Allow Shift Register Merging across Hierarchies                  ; Auto               ; Auto               ;
; Auto Clock Enable Replacement                                    ; On                 ; On                 ;
; Strict RAM Replacement                                           ; Off                ; Off                ;
; Allow Synchronous Control Signals                                ; On                 ; On                 ;
; Force Use of Synchronous Clear Signals                           ; Off                ; Off                ;
; Auto RAM Block Balancing                                         ; On                 ; On                 ;
; Auto RAM to Logic Cell Conversion                                ; Off                ; Off                ;
; Auto Resource Sharing                                            ; Off                ; Off                ;
; Allow Any RAM Size For Recognition                               ; Off                ; Off                ;
; Allow Any ROM Size For Recognition                               ; Off                ; Off                ;
; Allow Any Shift Register Size For Recognition                    ; Off                ; Off                ;
; Use LogicLock Constraints during Resource Balancing              ; On                 ; On                 ;
; Ignore translate_off and synthesis_off directives                ; Off                ; Off                ;
; Timing-Driven Synthesis                                          ; On                 ; On                 ;
; Report Parameter Settings                                        ; On                 ; On                 ;
; Report Source Assignments                                        ; On                 ; On                 ;
; Report Connectivity Checks                                       ; On                 ; On                 ;
; Ignore Maximum Fan-Out Assignments                               ; Off                ; Off                ;
; Synchronization Register Chain Length                            ; 2                  ; 2                  ;
; Power Optimization During Synthesis                              ; Normal compilation ; Normal compilation ;
; HDL message level                                                ; Level2             ; Level2             ;
; Suppress Register Optimization Related Messages                  ; Off                ; Off                ;
; Number of Removed Registers Reported in Synthesis Report         ; 5000               ; 5000               ;
; Number of Swept Nodes Reported in Synthesis Report               ; 5000               ; 5000               ;
; Number of Inverted Registers Reported in Synthesis Report        ; 100                ; 100                ;
; Clock MUX Protection                                             ; On                 ; On                 ;
; Auto Gated Clock Conversion                                      ; Off                ; Off                ;
; Block Design Naming                                              ; Auto               ; Auto               ;
; SDC constraint protection                                        ; Off                ; Off                ;
; Synthesis Effort                                                 ; Auto               ; Auto               ;
; Shift Register Replacement - Allow Asynchronous Clear Signal     ; On                 ; On                 ;
; Pre-Mapping Resynthesis Optimization                             ; Off                ; Off                ;
; Analysis & Synthesis Message Level                               ; Medium             ; Medium             ;
; Disable Register Merging Across Hierarchies                      ; Auto               ; Auto               ;
; Resource Aware Inference For Block RAM                           ; On                 ; On                 ;
+------------------------------------------------------------------+--------------------+--------------------+


+------------------------------------------+
; Parallel Compilation                     ;
+----------------------------+-------------+
; Processors                 ; Number      ;
+----------------------------+-------------+
; Number detected on machine ; 12          ;
; Maximum allowed            ; 12          ;
;                            ;             ;
; Average used               ; 1.00        ;
; Maximum used               ; 12          ;
;                            ;             ;
; Usage by Processor         ; % Time Used ;
;     Processor 1            ; 100.0%      ;
;     Processor 2            ;   0.0%      ;
;     Processors 3-12        ;   0.0%      ;
+----------------------------+-------------+


+---------------------------------------------------------------------------------------------------------------------------------+
; Analysis & Synthesis Source Files Read                                                                                          ;
+----------------------------------+-----------------+------------------------+-----------------------------------------+---------+
; File Name with User-Entered Path ; Used in Netlist ; File Type              ; File Name with Absolute Path            ; Library ;
+----------------------------------+-----------------+------------------------+-----------------------------------------+---------+
; ../rtl/uart_tx.v                 ; yes             ; User Verilog HDL File  ; C:/temp/HY/test_final/rtl/uart_tx.v     ;         ;
; ../rtl/uart_ctrl.v               ; yes             ; User Verilog HDL File  ; C:/temp/HY/test_final/rtl/uart_ctrl.v   ;         ;
; ../rtl/key_filter.v              ; yes             ; User Verilog HDL File  ; C:/temp/HY/test_final/rtl/key_filter.v  ;         ;
; ../rtl/ds1302_top.v              ; yes             ; User Verilog HDL File  ; C:/temp/HY/test_final/rtl/ds1302_top.v  ;         ;
; ../rtl/ds1302_intf.v             ; yes             ; User Verilog HDL File  ; C:/temp/HY/test_final/rtl/ds1302_intf.v ;         ;
; ../rtl/ds1302_ctrl.v             ; yes             ; User Verilog HDL File  ; C:/temp/HY/test_final/rtl/ds1302_ctrl.v ;         ;
+----------------------------------+-----------------+------------------------+-----------------------------------------+---------+


+---------------------------------------------------------------+
; Analysis & Synthesis Resource Usage Summary                   ;
+---------------------------------------------+-----------------+
; Resource                                    ; Usage           ;
+---------------------------------------------+-----------------+
; Estimated Total logic elements              ; 469             ;
;                                             ;                 ;
; Total combinational functions               ; 361             ;
; Logic element usage by number of LUT inputs ;                 ;
;     -- 4 input functions                    ; 144             ;
;     -- 3 input functions                    ; 75              ;
;     -- <=2 input functions                  ; 142             ;
;                                             ;                 ;
; Logic elements by mode                      ;                 ;
;     -- normal mode                          ; 262             ;
;     -- arithmetic mode                      ; 99              ;
;                                             ;                 ;
; Total registers                             ; 246             ;
;     -- Dedicated logic registers            ; 246             ;
;     -- I/O registers                        ; 0               ;
;                                             ;                 ;
; I/O pins                                    ; 7               ;
;                                             ;                 ;
; Embedded Multiplier 9-bit elements          ; 0               ;
;                                             ;                 ;
; Maximum fan-out node                        ; sys_rst_n~input ;
; Maximum fan-out                             ; 246             ;
; Total fan-out                               ; 2010            ;
; Average fan-out                             ; 3.23            ;
+---------------------------------------------+-----------------+


+-------------------------------------------------------------------------------------------------------------------------------------------------------------------------------------------------------------------------------------------------------+
; Analysis & Synthesis Resource Utilization by Entity                                                                                                                                                                                                   ;
+-----------------------------------+---------------------+---------------------------+-------------+--------------+---------+-----------+------+--------------+-----------------------------------------------------------+-------------+--------------+
; Compilation Hierarchy Node        ; Combinational ALUTs ; Dedicated Logic Registers ; Memory Bits ; DSP Elements ; DSP 9x9 ; DSP 18x18 ; Pins ; Virtual Pins ; Full Hierarchy Name                                       ; Entity Name ; Library Name ;
+-----------------------------------+---------------------+---------------------------+-------------+--------------+---------+-----------+------+--------------+-----------------------------------------------------------+-------------+--------------+
; |ds1302_top                       ; 361 (0)             ; 246 (0)                   ; 0           ; 0            ; 0       ; 0         ; 7    ; 0            ; |ds1302_top                                               ; ds1302_top  ; work         ;
;    |ds1302_ctrl:ds1302_ctrl_inst| ; 56 (56)             ; 25 (25)                   ; 0           ; 0            ; 0       ; 0         ; 0    ; 0            ; |ds1302_top|ds1302_ctrl:ds1302_ctrl_inst                  ; ds1302_ctrl ; work         ;
;    |ds1302_intf:ds1302_intf_inst| ; 83 (83)             ; 89 (89)                   ; 0           ; 0            ; 0       ; 0         ; 0    ; 0            ; |ds1302_top|ds1302_intf:ds1302_intf_inst                  ; ds1302_intf ; work         ;
;    |key_filter:key_filter_inst|   ; 39 (39)             ; 27 (27)                   ; 0           ; 0            ; 0       ; 0         ; 0    ; 0            ; |ds1302_top|key_filter:key_filter_inst                    ; key_filter  ; work         ;
;    |uart_ctrl:uart_ctrl_inst|     ; 183 (135)           ; 105 (78)                  ; 0           ; 0            ; 0       ; 0         ; 0    ; 0            ; |ds1302_top|uart_ctrl:uart_ctrl_inst                      ; uart_ctrl   ; work         ;
;       |uart_tx:uart_tx_inst|      ; 48 (48)             ; 27 (27)                   ; 0           ; 0            ; 0       ; 0         ; 0    ; 0            ; |ds1302_top|uart_ctrl:uart_ctrl_inst|uart_tx:uart_tx_inst ; uart_tx     ; work         ;
+-----------------------------------+---------------------+---------------------------+-------------+--------------+---------+-----------+------+--------------+-----------------------------------------------------------+-------------+--------------+
Note: For table entries with two numbers listed, the numbers in parentheses indicate the number of resources of the given type used by the specific entity alone. The numbers listed outside of parentheses indicate the total resources of the given type used by the specific entity and all of its sub-entities in the hierarchy.


Encoding Type:  One-Hot
+------------------------------------------------------------------------+
; State Machine - |ds1302_top|key_filter:key_filter_inst|state_c         ;
+--------------+------------+--------------+--------------+--------------+
; Name         ; state_c.UP ; state_c.HOLD ; state_c.DOWN ; state_c.IDLE ;
+--------------+------------+--------------+--------------+--------------+
; state_c.IDLE ; 0          ; 0            ; 0            ; 0            ;
; state_c.DOWN ; 0          ; 0            ; 1            ; 1            ;
; state_c.HOLD ; 0          ; 1            ; 0            ; 1            ;
; state_c.UP   ; 1          ; 0            ; 0            ; 1            ;
+--------------+------------+--------------+--------------+--------------+


Encoding Type:  One-Hot
+----------------------------------------------------------------------------+
; State Machine - |ds1302_top|ds1302_ctrl:ds1302_ctrl_inst|state_c           ;
+---------------+--------------+--------------+---------------+--------------+
; Name          ; state_c.DONE ; state_c.READ ; state_c.WRITE ; state_c.IDLE ;
+---------------+--------------+--------------+---------------+--------------+
; state_c.IDLE  ; 0            ; 0            ; 0             ; 0            ;
; state_c.WRITE ; 0            ; 0            ; 1             ; 1            ;
; state_c.READ  ; 0            ; 1            ; 0             ; 1            ;
; state_c.DONE  ; 1            ; 0            ; 0             ; 1            ;
+---------------+--------------+--------------+---------------+--------------+


+------------------------------------------------------+
; General Register Statistics                          ;
+----------------------------------------------+-------+
; Statistic                                    ; Value ;
+----------------------------------------------+-------+
; Total registers                              ; 246   ;
; Number of registers using Synchronous Clear  ; 41    ;
; Number of registers using Synchronous Load   ; 4     ;
; Number of registers using Asynchronous Clear ; 246   ;
; Number of registers using Asynchronous Load  ; 0     ;
; Number of registers using Clock Enable       ; 135   ;
; Number of registers using Preset             ; 0     ;
+----------------------------------------------+-------+


+-------------------------------------------------------------+
; Inverted Register Statistics                                ;
+---------------------------------------------------+---------+
; Inverted Register                                 ; Fan out ;
+---------------------------------------------------+---------+
; uart_ctrl:uart_ctrl_inst|uart_tx:uart_tx_inst|txd ; 1       ;
; key_filter:key_filter_inst|key_r[0]               ; 7       ;
; key_filter:key_filter_inst|key_r[1]               ; 6       ;
; Total number of inverted registers = 3            ;         ;
+---------------------------------------------------+---------+


+-------------------------------------------------------------------------------------------------------------------------------------------------------------------------------------+
; Multiplexer Restructuring Statistics (Restructuring Performed)                                                                                                                      ;
+--------------------+-----------+---------------+----------------------+------------------------+------------+-----------------------------------------------------------------------+
; Multiplexer Inputs ; Bus Width ; Baseline Area ; Area if Restructured ; Saving if Restructured ; Registered ; Example Multiplexer Output                                            ;
+--------------------+-----------+---------------+----------------------+------------------------+------------+-----------------------------------------------------------------------+
; 3:1                ; 20 bits   ; 40 LEs        ; 20 LEs               ; 20 LEs                 ; Yes        ; |ds1302_top|key_filter:key_filter_inst|cnt_20ms[12]                   ;
; 3:1                ; 8 bits    ; 16 LEs        ; 8 LEs                ; 8 LEs                  ; Yes        ; |ds1302_top|ds1302_intf:ds1302_intf_inst|cnt_bit[6]                   ;
; 3:1                ; 8 bits    ; 16 LEs        ; 8 LEs                ; 8 LEs                  ; Yes        ; |ds1302_top|ds1302_intf:ds1302_intf_inst|cnt_bit2[6]                  ;
; 32:1               ; 4 bits    ; 84 LEs        ; 64 LEs               ; 20 LEs                 ; Yes        ; |ds1302_top|uart_ctrl:uart_ctrl_inst|uart_tx:uart_tx_inst|tmp_data[0] ;
+--------------------+-----------+---------------+----------------------+------------------------+------------+-----------------------------------------------------------------------+


+---------------------------------------------------------------------------+
; Parameter Settings for User Entity Instance: ds1302_ctrl:ds1302_ctrl_inst ;
+----------------+---------+------------------------------------------------+
; Parameter Name ; Value   ; Type                                           ;
+----------------+---------+------------------------------------------------+
; IDLE           ; 0001    ; Unsigned Binary                                ;
; WRITE          ; 0010    ; Unsigned Binary                                ;
; READ           ; 0100    ; Unsigned Binary                                ;
; DONE           ; 1000    ; Unsigned Binary                                ;
; max_20ms       ; 1000000 ; Signed Integer                                 ;
+----------------+---------+------------------------------------------------+
Note: In order to hide this table in the UI and the text report file, please set the "Show Parameter Settings in Synthesis Report" option in "Analysis and Synthesis Settings -> More Settings" to "Off".


+---------------------------------------------------------------------------+
; Parameter Settings for User Entity Instance: ds1302_intf:ds1302_intf_inst ;
+----------------+----------+-----------------------------------------------+
; Parameter Name ; Value    ; Type                                          ;
+----------------+----------+-----------------------------------------------+
; max_1s         ; 50000000 ; Signed Integer                                ;
; max_3s         ; 3        ; Signed Integer                                ;
+----------------+----------+-----------------------------------------------+
Note: In order to hide this table in the UI and the text report file, please set the "Show Parameter Settings in Synthesis Report" option in "Analysis and Synthesis Settings -> More Settings" to "Off".


+-------------------------------------------------------------------------+
; Parameter Settings for User Entity Instance: key_filter:key_filter_inst ;
+----------------+----------------------+---------------------------------+
; Parameter Name ; Value                ; Type                            ;
+----------------+----------------------+---------------------------------+
; CNT_MAX        ; 11110100001000111111 ; Unsigned Binary                 ;
+----------------+----------------------+---------------------------------+
Note: In order to hide this table in the UI and the text report file, please set the "Show Parameter Settings in Synthesis Report" option in "Analysis and Synthesis Settings -> More Settings" to "Off".


+-----------------------------------------------------------------------+
; Parameter Settings for User Entity Instance: uart_ctrl:uart_ctrl_inst ;
+----------------+----------+-------------------------------------------+
; Parameter Name ; Value    ; Type                                      ;
+----------------+----------+-------------------------------------------+
; clk_50M        ; 50000000 ; Signed Integer                            ;
+----------------+----------+-------------------------------------------+
Note: In order to hide this table in the UI and the text report file, please set the "Show Parameter Settings in Synthesis Report" option in "Analysis and Synthesis Settings -> More Settings" to "Off".


+---------------------------------------------------------------------------+
; Port Connectivity Checks: "uart_ctrl:uart_ctrl_inst|uart_tx:uart_tx_inst" ;
+---------+--------+----------+---------------------------------------------+
; Port    ; Type   ; Severity ; Details                                     ;
+---------+--------+----------+---------------------------------------------+
; tx_busy ; Output ; Info     ; Explicitly unconnected                      ;
+---------+--------+----------+---------------------------------------------+


+-----------------------------------------------------+
; Post-Synthesis Netlist Statistics for Top Partition ;
+-----------------------+-----------------------------+
; Type                  ; Count                       ;
+-----------------------+-----------------------------+
; boundary_port         ; 7                           ;
; cycloneiii_ff         ; 246                         ;
;     CLR               ; 78                          ;
;     CLR SCLR          ; 33                          ;
;     ENA CLR           ; 123                         ;
;     ENA CLR SCLR      ; 8                           ;
;     ENA CLR SLD       ; 4                           ;
; cycloneiii_io_obuf    ; 1                           ;
; cycloneiii_lcell_comb ; 362                         ;
;     arith             ; 99                          ;
;         2 data inputs ; 99                          ;
;     normal            ; 263                         ;
;         1 data inputs ; 11                          ;
;         2 data inputs ; 33                          ;
;         3 data inputs ; 75                          ;
;         4 data inputs ; 144                         ;
;                       ;                             ;
; Max LUT depth         ; 6.00                        ;
; Average LUT depth     ; 3.10                        ;
+-----------------------+-----------------------------+


+-------------------------------+
; Elapsed Time Per Partition    ;
+----------------+--------------+
; Partition Name ; Elapsed Time ;
+----------------+--------------+
; Top            ; 00:00:01     ;
+----------------+--------------+


+-------------------------------+
; Analysis & Synthesis Messages ;
+-------------------------------+
Info: *******************************************************************
Info: Running Quartus Prime Analysis & Synthesis
    Info: Version 18.0.0 Build 614 04/24/2018 SJ Standard Edition
    Info: Processing started: Sun Oct 15 17:07:20 2023
Info: Command: quartus_map --read_settings_files=on --write_settings_files=off ds1302 -c ds1302
Warning (18236): Number of processors has not been specified which may cause overloading on shared machines.  Set the global assignment NUM_PARALLEL_PROCESSORS in your QSF to an appropriate value for best performance.
Info (20030): Parallel compilation is enabled and will use 12 of the 12 processors detected
Info (12021): Found 1 design units, including 1 entities, in source file /temp/hy/test_final/rtl/uart_tx.v
    Info (12023): Found entity 1: uart_tx File: C:/temp/HY/test_final/rtl/uart_tx.v Line: 1
Info (12021): Found 1 design units, including 1 entities, in source file /temp/hy/test_final/rtl/uart_ctrl.v
    Info (12023): Found entity 1: uart_ctrl File: C:/temp/HY/test_final/rtl/uart_ctrl.v Line: 1
Info (12021): Found 1 design units, including 1 entities, in source file /temp/hy/test_final/rtl/key_filter.v
    Info (12023): Found entity 1: key_filter File: C:/temp/HY/test_final/rtl/key_filter.v Line: 5
Info (12021): Found 1 design units, including 1 entities, in source file /temp/hy/test_final/rtl/ds1302_top.v
    Info (12023): Found entity 1: ds1302_top File: C:/temp/HY/test_final/rtl/ds1302_top.v Line: 1
Info (12021): Found 1 design units, including 1 entities, in source file /temp/hy/test_final/rtl/ds1302_intf.v
    Info (12023): Found entity 1: ds1302_intf File: C:/temp/HY/test_final/rtl/ds1302_intf.v Line: 1
Info (12021): Found 1 design units, including 1 entities, in source file /temp/hy/test_final/rtl/ds1302_ctrl.v
    Info (12023): Found entity 1: ds1302_ctrl File: C:/temp/HY/test_final/rtl/ds1302_ctrl.v Line: 1
Info (12127): Elaborating entity "ds1302_top" for the top level hierarchy
Info (12128): Elaborating entity "ds1302_ctrl" for hierarchy "ds1302_ctrl:ds1302_ctrl_inst" File: C:/temp/HY/test_final/rtl/ds1302_top.v Line: 34
Warning (10036): Verilog HDL or VHDL warning at ds1302_ctrl.v(32): object "DONE2IDLE" assigned a value but never read File: C:/temp/HY/test_final/rtl/ds1302_ctrl.v Line: 32
Info (12128): Elaborating entity "ds1302_intf" for hierarchy "ds1302_intf:ds1302_intf_inst" File: C:/temp/HY/test_final/rtl/ds1302_top.v Line: 49
Info (12128): Elaborating entity "key_filter" for hierarchy "key_filter:key_filter_inst" File: C:/temp/HY/test_final/rtl/ds1302_top.v Line: 57
Info (12128): Elaborating entity "uart_ctrl" for hierarchy "uart_ctrl:uart_ctrl_inst" File: C:/temp/HY/test_final/rtl/ds1302_top.v Line: 66
Warning (10230): Verilog HDL assignment warning at uart_ctrl.v(106): truncated value with size 32 to match size of target (8) File: C:/temp/HY/test_final/rtl/uart_ctrl.v Line: 106
Warning (10230): Verilog HDL assignment warning at uart_ctrl.v(107): truncated value with size 32 to match size of target (8) File: C:/temp/HY/test_final/rtl/uart_ctrl.v Line: 107
Warning (10230): Verilog HDL assignment warning at uart_ctrl.v(110): truncated value with size 32 to match size of target (8) File: C:/temp/HY/test_final/rtl/uart_ctrl.v Line: 110
Warning (10230): Verilog HDL assignment warning at uart_ctrl.v(111): truncated value with size 32 to match size of target (8) File: C:/temp/HY/test_final/rtl/uart_ctrl.v Line: 111
Warning (10230): Verilog HDL assignment warning at uart_ctrl.v(114): truncated value with size 32 to match size of target (8) File: C:/temp/HY/test_final/rtl/uart_ctrl.v Line: 114
Warning (10230): Verilog HDL assignment warning at uart_ctrl.v(115): truncated value with size 32 to match size of target (8) File: C:/temp/HY/test_final/rtl/uart_ctrl.v Line: 115
Warning (10230): Verilog HDL assignment warning at uart_ctrl.v(118): truncated value with size 32 to match size of target (8) File: C:/temp/HY/test_final/rtl/uart_ctrl.v Line: 118
Warning (10230): Verilog HDL assignment warning at uart_ctrl.v(119): truncated value with size 32 to match size of target (8) File: C:/temp/HY/test_final/rtl/uart_ctrl.v Line: 119
Warning (10230): Verilog HDL assignment warning at uart_ctrl.v(122): truncated value with size 32 to match size of target (8) File: C:/temp/HY/test_final/rtl/uart_ctrl.v Line: 122
Warning (10230): Verilog HDL assignment warning at uart_ctrl.v(123): truncated value with size 32 to match size of target (8) File: C:/temp/HY/test_final/rtl/uart_ctrl.v Line: 123
Warning (10230): Verilog HDL assignment warning at uart_ctrl.v(126): truncated value with size 32 to match size of target (8) File: C:/temp/HY/test_final/rtl/uart_ctrl.v Line: 126
Warning (10230): Verilog HDL assignment warning at uart_ctrl.v(127): truncated value with size 32 to match size of target (8) File: C:/temp/HY/test_final/rtl/uart_ctrl.v Line: 127
Info (12128): Elaborating entity "uart_tx" for hierarchy "uart_ctrl:uart_ctrl_inst|uart_tx:uart_tx_inst" File: C:/temp/HY/test_final/rtl/uart_ctrl.v Line: 143
Info (13000): Registers with preset signals will power-up high File: C:/temp/HY/test_final/rtl/uart_tx.v Line: 7
Info (13003): DEV_CLRn pin will set, and not reset, register with preset signal due to NOT Gate Push-Back
Info (286030): Timing-Driven Synthesis is running
Info (16010): Generating hard_block partition "hard_block:auto_generated_inst"
    Info (16011): Adding 0 node(s), including 0 DDIO, 0 PLL, 0 transceiver and 0 LCELL
Info (21057): Implemented 478 device resources after synthesis - the final resource count might be different
    Info (21058): Implemented 3 input pins
    Info (21059): Implemented 3 output pins
    Info (21060): Implemented 1 bidirectional pins
    Info (21061): Implemented 471 logic cells
Info: Quartus Prime Analysis & Synthesis was successful. 0 errors, 14 warnings
    Info: Peak virtual memory: 4820 megabytes
    Info: Processing ended: Sun Oct 15 17:07:31 2023
    Info: Elapsed time: 00:00:11
    Info: Total CPU time (on all processors): 00:00:20


